EDA Netlist Writer report for clap
Sun Oct 16 11:58:28 2016
Quartus Prime Version 16.0.0 Build 211 04/27/2016 SJ Lite Edition


---------------------
; Table of Contents ;
---------------------
  1. Legal Notice
  2. EDA Netlist Writer Summary
  3. Simulation Settings
  4. Simulation Generated Files
  5. EDA Netlist Writer Messages



----------------
; Legal Notice ;
----------------
Copyright (C) 1991-2016 Altera Corporation. All rights reserved.
Your use of Altera Corporation's design tools, logic functions 
and other software and tools, and its AMPP partner logic 
functions, and any output files from any of the foregoing 
(including device programming or simulation files), and any 
associated documentation or information are expressly subject 
to the terms and conditions of the Altera Program License 
Subscription Agreement, the Altera Quartus Prime License Agreement,
the Altera MegaCore Function License Agreement, or other 
applicable license agreement, including, without limitation, 
that your use is for the sole purpose of programming logic 
devices manufactured by Altera and sold by Altera or its 
authorized distributors.  Please refer to the applicable 
agreement for further details.



+-------------------------------------------------------------------+
; EDA Netlist Writer Summary                                        ;
+---------------------------+---------------------------------------+
; EDA Netlist Writer Status ; Successful - Sun Oct 16 11:58:28 2016 ;
; Revision Name             ; clap                                  ;
; Top-level Entity Name     ; top                                   ;
; Family                    ; Cyclone IV E                          ;
; Simulation Files Creation ; Successful                            ;
+---------------------------+---------------------------------------+


+-------------------------------------------------------------------------------------------------------------------------------+
; Simulation Settings                                                                                                           ;
+---------------------------------------------------------------------------------------------------+---------------------------+
; Option                                                                                            ; Setting                   ;
+---------------------------------------------------------------------------------------------------+---------------------------+
; Tool Name                                                                                         ; ModelSim-Altera (Verilog) ;
; Generate functional simulation netlist                                                            ; Off                       ;
; Time scale                                                                                        ; 1 ps                      ;
; Truncate long hierarchy paths                                                                     ; Off                       ;
; Map illegal HDL characters                                                                        ; Off                       ;
; Flatten buses into individual nodes                                                               ; Off                       ;
; Maintain hierarchy                                                                                ; Off                       ;
; Bring out device-wide set/reset signals as ports                                                  ; Off                       ;
; Enable glitch filtering                                                                           ; Off                       ;
; Do not write top level VHDL entity                                                                ; Off                       ;
; Disable detection of setup and hold time violations in the input registers of bi-directional pins ; Off                       ;
; Architecture name in VHDL output netlist                                                          ; structure                 ;
; Generate third-party EDA tool command script for RTL functional simulation                        ; Off                       ;
; Generate third-party EDA tool command script for gate-level simulation                            ; Off                       ;
+---------------------------------------------------------------------------------------------------+---------------------------+


+---------------------------------------------------------------------------------------------------------------------+
; Simulation Generated Files                                                                                          ;
+---------------------------------------------------------------------------------------------------------------------+
; Generated Files                                                                                                     ;
+---------------------------------------------------------------------------------------------------------------------+
; /opt/Quartus Prime Lite Projects/de0_nano_clap_clap_light/quartus/simulation/modelsim/clap_6_1200mv_85c_slow.vo     ;
; /opt/Quartus Prime Lite Projects/de0_nano_clap_clap_light/quartus/simulation/modelsim/clap_6_1200mv_0c_slow.vo      ;
; /opt/Quartus Prime Lite Projects/de0_nano_clap_clap_light/quartus/simulation/modelsim/clap_min_1200mv_0c_fast.vo    ;
; /opt/Quartus Prime Lite Projects/de0_nano_clap_clap_light/quartus/simulation/modelsim/clap.vo                       ;
; /opt/Quartus Prime Lite Projects/de0_nano_clap_clap_light/quartus/simulation/modelsim/clap_6_1200mv_85c_v_slow.sdo  ;
; /opt/Quartus Prime Lite Projects/de0_nano_clap_clap_light/quartus/simulation/modelsim/clap_6_1200mv_0c_v_slow.sdo   ;
; /opt/Quartus Prime Lite Projects/de0_nano_clap_clap_light/quartus/simulation/modelsim/clap_min_1200mv_0c_v_fast.sdo ;
; /opt/Quartus Prime Lite Projects/de0_nano_clap_clap_light/quartus/simulation/modelsim/clap_v.sdo                    ;
+---------------------------------------------------------------------------------------------------------------------+


+-----------------------------+
; EDA Netlist Writer Messages ;
+-----------------------------+
Info: *******************************************************************
Info: Running Quartus Prime EDA Netlist Writer
    Info: Version 16.0.0 Build 211 04/27/2016 SJ Lite Edition
    Info: Processing started: Sun Oct 16 11:58:27 2016
Info: Command: quartus_eda --read_settings_files=off --write_settings_files=off clap -c clap
Info (204019): Generated file clap_6_1200mv_85c_slow.vo in folder "/opt/Quartus Prime Lite Projects/de0_nano_clap_clap_light/quartus/simulation/modelsim/" for EDA simulation tool
Info (204019): Generated file clap_6_1200mv_0c_slow.vo in folder "/opt/Quartus Prime Lite Projects/de0_nano_clap_clap_light/quartus/simulation/modelsim/" for EDA simulation tool
Info (204019): Generated file clap_min_1200mv_0c_fast.vo in folder "/opt/Quartus Prime Lite Projects/de0_nano_clap_clap_light/quartus/simulation/modelsim/" for EDA simulation tool
Info (204019): Generated file clap.vo in folder "/opt/Quartus Prime Lite Projects/de0_nano_clap_clap_light/quartus/simulation/modelsim/" for EDA simulation tool
Info (204019): Generated file clap_6_1200mv_85c_v_slow.sdo in folder "/opt/Quartus Prime Lite Projects/de0_nano_clap_clap_light/quartus/simulation/modelsim/" for EDA simulation tool
Info (204019): Generated file clap_6_1200mv_0c_v_slow.sdo in folder "/opt/Quartus Prime Lite Projects/de0_nano_clap_clap_light/quartus/simulation/modelsim/" for EDA simulation tool
Info (204019): Generated file clap_min_1200mv_0c_v_fast.sdo in folder "/opt/Quartus Prime Lite Projects/de0_nano_clap_clap_light/quartus/simulation/modelsim/" for EDA simulation tool
Info (204019): Generated file clap_v.sdo in folder "/opt/Quartus Prime Lite Projects/de0_nano_clap_clap_light/quartus/simulation/modelsim/" for EDA simulation tool
Info: Quartus Prime EDA Netlist Writer was successful. 0 errors, 0 warnings
    Info: Peak virtual memory: 1315 megabytes
    Info: Processing ended: Sun Oct 16 11:58:28 2016
    Info: Elapsed time: 00:00:01
    Info: Total CPU time (on all processors): 00:00:01


