Assembler report for clap
Sun Jan 01 21:51:08 2017
Quartus Prime Version 16.1.0 Build 196 10/24/2016 SJ Lite Edition


---------------------
; Table of Contents ;
---------------------
  1. Legal Notice
  2. Assembler Summary
  3. Assembler Settings
  4. Assembler Generated Files
  5. Assembler Device Options: C:/projects/de0_nano_clap_clap_light/quartus/output_files/clap.sof
  6. Assembler Messages



----------------
; Legal Notice ;
----------------
Copyright (C) 2016  Intel Corporation. All rights reserved.
Your use of Intel Corporation's design tools, logic functions 
and other software and tools, and its AMPP partner logic 
functions, and any output files from any of the foregoing 
(including device programming or simulation files), and any 
associated documentation or information are expressly subject 
to the terms and conditions of the Intel Program License 
Subscription Agreement, the Intel Quartus Prime License Agreement,
the Intel MegaCore Function License Agreement, or other 
applicable license agreement, including, without limitation, 
that your use is for the sole purpose of programming logic 
devices manufactured by Intel and sold by Intel or its 
authorized distributors.  Please refer to the applicable 
agreement for further details.



+---------------------------------------------------------------+
; Assembler Summary                                             ;
+-----------------------+---------------------------------------+
; Assembler Status      ; Successful - Sun Jan 01 21:51:08 2017 ;
; Revision Name         ; clap                                  ;
; Top-level Entity Name ; top2                                  ;
; Family                ; Cyclone IV E                          ;
; Device                ; EP4CE22F17C6                          ;
+-----------------------+---------------------------------------+


+----------------------------------+
; Assembler Settings               ;
+--------+---------+---------------+
; Option ; Setting ; Default Value ;
+--------+---------+---------------+


+--------------------------------------------------------------------+
; Assembler Generated Files                                          ;
+--------------------------------------------------------------------+
; File Name                                                          ;
+--------------------------------------------------------------------+
; C:/projects/de0_nano_clap_clap_light/quartus/output_files/clap.sof ;
+--------------------------------------------------------------------+


+----------------------------------------------------------------------------------------------+
; Assembler Device Options: C:/projects/de0_nano_clap_clap_light/quartus/output_files/clap.sof ;
+----------------+-----------------------------------------------------------------------------+
; Option         ; Setting                                                                     ;
+----------------+-----------------------------------------------------------------------------+
; Device         ; EP4CE22F17C6                                                                ;
; JTAG usercode  ; 0x002E3E26                                                                  ;
; Checksum       ; 0x002E3E26                                                                  ;
+----------------+-----------------------------------------------------------------------------+


+--------------------+
; Assembler Messages ;
+--------------------+
Info: *******************************************************************
Info: Running Quartus Prime Assembler
    Info: Version 16.1.0 Build 196 10/24/2016 SJ Lite Edition
    Info: Processing started: Sun Jan 01 21:51:06 2017
Info: Command: quartus_asm --read_settings_files=off --write_settings_files=off clap -c clap
Warning (18236): Number of processors has not been specified which may cause overloading on shared machines.  Set the global assignment NUM_PARALLEL_PROCESSORS in your QSF to an appropriate value for best performance.
Info (115031): Writing out detailed assembly data for power analysis
Info (115030): Assembler is generating device programming files
Warning (12914): The file, C:/projects/de0_nano_clap_clap_light/hdl/debug_0/synthesis/debug_0.debuginfo, is not embedded into sof file as expected.  Some tools, such as System Console, may not function fully.
Info: Quartus Prime Assembler was successful. 0 errors, 2 warnings
    Info: Peak virtual memory: 566 megabytes
    Info: Processing ended: Sun Jan 01 21:51:08 2017
    Info: Elapsed time: 00:00:02
    Info: Total CPU time (on all processors): 00:00:02


