Flow report for clap
Sat Oct 15 18:23:01 2016
Quartus Prime Version 16.0.0 Build 211 04/27/2016 SJ Lite Edition


---------------------
; Table of Contents ;
---------------------
  1. Legal Notice
  2. Flow Summary
  3. Flow Settings
  4. Flow Non-Default Global Settings
  5. Flow Elapsed Time
  6. Flow OS Summary
  7. Flow Log
  8. Flow Messages
  9. Flow Suppressed Messages



----------------
; Legal Notice ;
----------------
Copyright (C) 1991-2016 Altera Corporation. All rights reserved.
Your use of Altera Corporation's design tools, logic functions 
and other software and tools, and its AMPP partner logic 
functions, and any output files from any of the foregoing 
(including device programming or simulation files), and any 
associated documentation or information are expressly subject 
to the terms and conditions of the Altera Program License 
Subscription Agreement, the Altera Quartus Prime License Agreement,
the Altera MegaCore Function License Agreement, or other 
applicable license agreement, including, without limitation, 
that your use is for the sole purpose of programming logic 
devices manufactured by Altera and sold by Altera or its 
authorized distributors.  Please refer to the applicable 
agreement for further details.



+----------------------------------------------------------------------------------+
; Flow Summary                                                                     ;
+------------------------------------+---------------------------------------------+
; Flow Status                        ; Successful - Sat Oct 15 18:23:01 2016       ;
; Quartus Prime Version              ; 16.0.0 Build 211 04/27/2016 SJ Lite Edition ;
; Revision Name                      ; clap                                        ;
; Top-level Entity Name              ; ComputeEnergy                               ;
; Family                             ; Cyclone IV E                                ;
; Device                             ; EP4CE22F17C6                                ;
; Timing Models                      ; Final                                       ;
; Total logic elements               ; 98 / 22,320 ( < 1 % )                       ;
;     Total combinational functions  ; 81 / 22,320 ( < 1 % )                       ;
;     Dedicated logic registers      ; 83 / 22,320 ( < 1 % )                       ;
; Total registers                    ; 83                                          ;
; Total pins                         ; 38 / 154 ( 25 % )                           ;
; Total virtual pins                 ; 0                                           ;
; Total memory bits                  ; 0 / 608,256 ( 0 % )                         ;
; Embedded Multiplier 9-bit elements ; 0 / 132 ( 0 % )                             ;
; Total PLLs                         ; 0 / 4 ( 0 % )                               ;
+------------------------------------+---------------------------------------------+


+-----------------------------------------+
; Flow Settings                           ;
+-------------------+---------------------+
; Option            ; Setting             ;
+-------------------+---------------------+
; Start date & time ; 10/15/2016 18:22:32 ;
; Main task         ; Compilation         ;
; Revision Name     ; clap                ;
+-------------------+---------------------+


+-------------------------------------------------------------------------------------------------------------------------------+
; Flow Non-Default Global Settings                                                                                              ;
+--------------------------------------+---------------------------------------+---------------+---------------+----------------+
; Assignment Name                      ; Value                                 ; Default Value ; Entity Name   ; Section Id     ;
+--------------------------------------+---------------------------------------+---------------+---------------+----------------+
; COMPILER_SIGNATURE_ID                ; 0.147657015208439                     ; --            ; --            ; --             ;
; EDA_NATIVELINK_SIMULATION_TEST_BENCH ; testbench                             ; --            ; --            ; eda_simulation ;
; EDA_OUTPUT_DATA_FORMAT               ; Verilog Hdl                           ; --            ; --            ; eda_simulation ;
; EDA_SIMULATION_TOOL                  ; ModelSim-Altera (Verilog)             ; <None>        ; --            ; --             ;
; EDA_TEST_BENCH_ENABLE_STATUS         ; TEST_BENCH_MODE                       ; --            ; --            ; eda_simulation ;
; EDA_TIME_SCALE                       ; 1 ps                                  ; --            ; --            ; eda_simulation ;
; MAX_CORE_JUNCTION_TEMP               ; 85                                    ; --            ; --            ; --             ;
; MIN_CORE_JUNCTION_TEMP               ; 0                                     ; --            ; --            ; --             ;
; NOMINAL_CORE_SUPPLY_VOLTAGE          ; 1.2V                                  ; --            ; --            ; --             ;
; PARTITION_COLOR                      ; 16764057                              ; --            ; ComputeEnergy ; Top            ;
; PARTITION_FITTER_PRESERVATION_LEVEL  ; PLACEMENT_AND_ROUTING                 ; --            ; ComputeEnergy ; Top            ;
; PARTITION_NETLIST_TYPE               ; SOURCE                                ; --            ; ComputeEnergy ; Top            ;
; POWER_BOARD_THERMAL_MODEL            ; None (CONSERVATIVE)                   ; --            ; --            ; --             ;
; POWER_PRESET_COOLING_SOLUTION        ; 23 MM HEAT SINK WITH 200 LFPM AIRFLOW ; --            ; --            ; --             ;
; PROJECT_OUTPUT_DIRECTORY             ; output_files                          ; --            ; --            ; --             ;
; TOP_LEVEL_ENTITY                     ; ComputeEnergy                         ; clap          ; --            ; --             ;
+--------------------------------------+---------------------------------------+---------------+---------------+----------------+


+-------------------------------------------------------------------------------------------------------------------------------+
; Flow Elapsed Time                                                                                                             ;
+---------------------------+--------------+-------------------------+---------------------+------------------------------------+
; Module Name               ; Elapsed Time ; Average Processors Used ; Peak Virtual Memory ; Total CPU Time (on all processors) ;
+---------------------------+--------------+-------------------------+---------------------+------------------------------------+
; Analysis & Synthesis      ; 00:00:14     ; 1.0                     ; 1178 MB             ; 00:00:34                           ;
; Fitter                    ; 00:00:06     ; 1.0                     ; 1400 MB             ; 00:00:07                           ;
; Assembler                 ; 00:00:01     ; 1.0                     ; 1067 MB             ; 00:00:01                           ;
; TimeQuest Timing Analyzer ; 00:00:02     ; 1.0                     ; 1101 MB             ; 00:00:02                           ;
; EDA Netlist Writer        ; 00:00:01     ; 1.0                     ; 1312 MB             ; 00:00:01                           ;
; Total                     ; 00:00:24     ; --                      ; --                  ; 00:00:45                           ;
+---------------------------+--------------+-------------------------+---------------------+------------------------------------+


+-----------------------------------------------------------------------------------------------------+
; Flow OS Summary                                                                                     ;
+---------------------------+----------------------------+--------------+------------+----------------+
; Module Name               ; Machine Hostname           ; OS Name      ; OS Version ; Processor type ;
+---------------------------+----------------------------+--------------+------------+----------------+
; Analysis & Synthesis      ; andrewandrepowell2-desktop ; Ubuntu 16.04 ; 16         ; x86_64         ;
; Fitter                    ; andrewandrepowell2-desktop ; Ubuntu 16.04 ; 16         ; x86_64         ;
; Assembler                 ; andrewandrepowell2-desktop ; Ubuntu 16.04 ; 16         ; x86_64         ;
; TimeQuest Timing Analyzer ; andrewandrepowell2-desktop ; Ubuntu 16.04 ; 16         ; x86_64         ;
; EDA Netlist Writer        ; andrewandrepowell2-desktop ; Ubuntu 16.04 ; 16         ; x86_64         ;
+---------------------------+----------------------------+--------------+------------+----------------+


------------
; Flow Log ;
------------
quartus_map --read_settings_files=on --write_settings_files=off clap -c clap
quartus_fit --read_settings_files=off --write_settings_files=off clap -c clap
quartus_asm --read_settings_files=off --write_settings_files=off clap -c clap
quartus_sta clap -c clap
quartus_eda --read_settings_files=off --write_settings_files=off clap -c clap



